<?xml version="1.0" encoding="UTF-8"?>
<!-- Generated by org.testng.reporters.JUnitReportReporter -->
<testsuite ignored="0" hostname="Maya" failures="0" tests="3" name="testLayer.LoginTest" time="17.526" errors="0" timestamp="13 Feb 2024 06:05:33 GMT" skipped="0">
  <testcase classname="testLayer.LoginTest" name="title" time="5.887"/>
  <testcase classname="testLayer.LoginTest" name="login" time="5.801"/>
  <testcase classname="testLayer.LoginTest" name="login" time="5.838"/>
</testsuite> <!-- testLayer.LoginTest -->
