<?xml version="1.0" encoding="UTF-8"?>
<!-- Generated by org.testng.reporters.JUnitReportReporter -->
<testsuite ignored="0" hostname="Maya" failures="0" tests="1" name="testLayer.LoginTest" time="4.504" errors="0" timestamp="13 Feb 2024 03:35:34 GMT" skipped="0">
  <testcase classname="testLayer.LoginTest" name="title" time="4.504"/>
</testsuite> <!-- testLayer.LoginTest -->
